C51 COMPILER V9.52.0.0   MAX232                                                            05/05/2019 13:19:41 PAGE 1   


C51 COMPILER V9.52.0.0, COMPILATION OF MODULE MAX232
OBJECT MODULE PLACED IN MAX232.OBJ
COMPILER INVOKED BY: C:\Keil_v4\C51\BIN\C51.EXE MAX232.c BROWSE INCDIR(..\NRF24L01多节点接收) DEBUG OBJECTEXTEND TABS(2)

line level    source

   1          #include"reg52.h"
   2          #include"allhead.h" 
   3          
   4          unchar RevFlags;
   5          
   6          
   7          /*************************串口初始化函数**************/
   8          void Max232Int()
   9          {
  10   1        PCON=0x00;   //SMOD=0
  11   1        TMOD=0x20;  //设置T1为工作方式2
  12   1        TH1=0xfd;  //9600
  13   1        TL1=0xfd;
  14   1        SM0=0;
  15   1        SM1=1;//方式1,8位
  16   1        EA=1;
  17   1        ES=1;
  18   1        TR1=1;//定时器1允许
  19   1        REN=1;//允许接收
  20   1      }
  21          
  22          
  23          /*************************串口发送一个字节函数********************/
  24          void Max232SendChar(unchar date)
  25          {
  26   1         ES=0;
  27   1         SBUF=date;
  28   1         while(!TI);
  29   1           TI=0;
  30   1           ES=1;
  31   1      }
  32          
  33          
  34          /**********************发送一个字符串******************************/
  35          void Max232SendAChar(unchar *string)
  36          {
  37   1        while(*string!= 0xFF)
  38   1         {
  39   2            Max232SendChar(*string);
  40   2          string++;
  41   2         }
  42   1      }
  43          
  44          
  45          /**********************串口中断接收函数****************************/
  46          void ExInt() interrupt 4 
  47          {
  48   1        ES=0;
  49   1        if(RI)
  50   1         {
  51   2          RI=0;
  52   2          RevFlags=SBUF;
  53   2        }
  54   1        ES=1;
  55   1      } 
C51 COMPILER V9.52.0.0   MAX232                                                            05/05/2019 13:19:41 PAGE 2   

  56          
  57          
  58          ///*********************发送NRF24L01采集到的数据********************/
  59          //void MAX232SendDate()
  60          //{
  61          //  if(RevFlags=='S')
  62          //  {
  63          //     RevFlags=0;
  64          //     Max232SendAChar(RevTempDate0);
  65          //     Max232SendAChar("12.3");
  66          //     Max232SendAChar("32.6");
  67          //     Max232SendAChar("56.7");
  68          //     Max232SendAChar("36.9");
  69          //     Max232SendAChar("89.4");
  70          //  }
  71          //  //Max232SendChar('E');//发送结束标志
  72          //}


MODULE INFORMATION:   STATIC OVERLAYABLE
   CODE SIZE        =     70    ----
   CONSTANT SIZE    =   ----    ----
   XDATA SIZE       =   ----    ----
   PDATA SIZE       =   ----    ----
   DATA SIZE        =      1    ----
   IDATA SIZE       =   ----    ----
   BIT SIZE         =   ----    ----
END OF MODULE INFORMATION.


C51 COMPILATION COMPLETE.  0 WARNING(S),  0 ERROR(S)
